docs/twa-project/app/build/intermediates/manifest_merge_blame_file/release/manifest-merger-blame-release-report.txt
1<?xml version="1.0" encoding="utf-8"?>
2<manifest xmlns:android="http://schemas.android.com/apk/res/android"
3    package="com.nce.app"
4    android:versionCode="1"
5    android:versionName="1.0.0" >
6
7    <uses-sdk
8        android:minSdkVersion="21"
9        android:targetSdkVersion="34" />
10
11    <uses-permission android:name="android.permission.INTERNET" />
11-->src/main/AndroidManifest.xml:5:5-67
11-->src/main/AndroidManifest.xml:5:22-64
12    <uses-permission android:name="android.permission.ACCESS_NETWORK_STATE" />
12-->src/main/AndroidManifest.xml:6:5-79
12-->src/main/AndroidManifest.xml:6:22-76
13    <uses-permission android:name="android.permission.POST_NOTIFICATIONS" />
13-->src/main/AndroidManifest.xml:7:5-77
13-->src/main/AndroidManifest.xml:7:22-74
14
15    <queries>
15-->[com.google.androidbrowserhelper:androidbrowserhelper:2.5.0] AndroidManifest.xml:26:5-34:15
16        <intent>
16-->[com.google.androidbrowserhelper:androidbrowserhelper:2.5.0] AndroidManifest.xml:27:9-33:18
17            <action android:name="android.intent.action.VIEW" />
17-->src/main/AndroidManifest.xml:58:17-69
17-->src/main/AndroidManifest.xml:58:25-66
18
19            <category android:name="android.intent.category.BROWSABLE" />
19-->src/main/AndroidManifest.xml:60:17-78
19-->src/main/AndroidManifest.xml:60:27-75
20
21            <data android:scheme="https" />
21-->src/main/AndroidManifest.xml:61:17-63:58
21-->src/main/AndroidManifest.xml:61:23-45
22        </intent>
23    </queries>
24
25    <permission
25-->[androidx.core:core:1.9.0] AndroidManifest.xml:22:5-24:47
26        android:name="com.nce.app.DYNAMIC_RECEIVER_NOT_EXPORTED_PERMISSION"
26-->[androidx.core:core:1.9.0] AndroidManifest.xml:23:9-81
27        android:protectionLevel="signature" />
27-->[androidx.core:core:1.9.0] AndroidManifest.xml:24:9-44
28
29    <uses-permission android:name="com.nce.app.DYNAMIC_RECEIVER_NOT_EXPORTED_PERMISSION" />
29-->[androidx.core:core:1.9.0] AndroidManifest.xml:26:5-97
29-->[androidx.core:core:1.9.0] AndroidManifest.xml:26:22-94
30
31    <application
31-->src/main/AndroidManifest.xml:9:5-77:19
32        android:allowBackup="true"
32-->src/main/AndroidManifest.xml:10:9-35
33        android:appComponentFactory="androidx.core.app.CoreComponentFactory"
33-->[androidx.core:core:1.9.0] AndroidManifest.xml:28:18-86
34        android:extractNativeLibs="true"
35        android:icon="@mipmap/ic_launcher"
35-->src/main/AndroidManifest.xml:11:9-43
36        android:label="NCE"
36-->src/main/AndroidManifest.xml:12:9-28
37        android:roundIcon="@mipmap/ic_launcher_round"
37-->src/main/AndroidManifest.xml:13:9-54
38        android:supportsRtl="true"
38-->src/main/AndroidManifest.xml:14:9-35
39        android:theme="@style/Theme.NCE"
39-->src/main/AndroidManifest.xml:15:9-41
40        android:usesCleartextTraffic="true" >
40-->src/main/AndroidManifest.xml:16:9-44
41        <meta-data
41-->src/main/AndroidManifest.xml:18:9-20:59
42            android:name="asset_statements"
42-->src/main/AndroidManifest.xml:19:13-44
43            android:resource="@string/asset_statements" />
43-->src/main/AndroidManifest.xml:20:13-56
44
45        <activity
45-->src/main/AndroidManifest.xml:22:9-66:20
46            android:name="com.google.androidbrowserhelper.trusted.LauncherActivity"
46-->src/main/AndroidManifest.xml:23:13-84
47            android:exported="true"
47-->src/main/AndroidManifest.xml:24:13-36
48            android:label="NCE"
48-->src/main/AndroidManifest.xml:25:13-32
49            android:theme="@style/Theme.NCE.LauncherActivity" >
49-->src/main/AndroidManifest.xml:26:13-62
50            <meta-data
50-->src/main/AndroidManifest.xml:28:13-30:75
51                android:name="android.support.customtabs.trusted.DEFAULT_URL"
51-->src/main/AndroidManifest.xml:29:17-78
52                android:value="https://ddkurnia.github.io/nce-project/" />
52-->src/main/AndroidManifest.xml:30:17-72
53            <meta-data
53-->src/main/AndroidManifest.xml:32:13-34:58
54                android:name="android.support.customtabs.trusted.STATUS_BAR_COLOR"
54-->src/main/AndroidManifest.xml:33:17-83
55                android:resource="@color/colorPrimary" />
55-->src/main/AndroidManifest.xml:34:17-55
56            <meta-data
56-->src/main/AndroidManifest.xml:36:13-38:62
57                android:name="android.support.customtabs.trusted.NAVIGATION_BAR_COLOR"
57-->src/main/AndroidManifest.xml:37:17-87
58                android:resource="@color/colorPrimaryDark" />
58-->src/main/AndroidManifest.xml:38:17-59
59            <meta-data
59-->src/main/AndroidManifest.xml:40:13-42:55
60                android:name="android.support.customtabs.trusted.SPLASH_IMAGE_DRAWABLE"
60-->src/main/AndroidManifest.xml:41:17-88
61                android:resource="@drawable/splash" />
61-->src/main/AndroidManifest.xml:42:17-52
62            <meta-data
62-->src/main/AndroidManifest.xml:44:13-46:58
63                android:name="android.support.customtabs.trusted.SPLASH_BACKGROUND_COLOR"
63-->src/main/AndroidManifest.xml:45:17-90
64                android:resource="@color/colorPrimary" />
64-->src/main/AndroidManifest.xml:46:17-55
65            <meta-data
65-->src/main/AndroidManifest.xml:48:13-50:44
66                android:name="android.support.customtabs.trusted.SCREEN_ORIENTATION"
66-->src/main/AndroidManifest.xml:49:17-85
67                android:value="portrait" />
67-->src/main/AndroidManifest.xml:50:17-41
68
69            <intent-filter>
69-->src/main/AndroidManifest.xml:52:13-55:29
70                <action android:name="android.intent.action.MAIN" />
70-->src/main/AndroidManifest.xml:53:17-69
70-->src/main/AndroidManifest.xml:53:25-66
71
72                <category android:name="android.intent.category.LAUNCHER" />
72-->src/main/AndroidManifest.xml:54:17-77
72-->src/main/AndroidManifest.xml:54:27-74
73            </intent-filter>
74            <intent-filter android:autoVerify="true" >
74-->src/main/AndroidManifest.xml:57:13-64:29
74-->src/main/AndroidManifest.xml:57:28-53
75                <action android:name="android.intent.action.VIEW" />
75-->src/main/AndroidManifest.xml:58:17-69
75-->src/main/AndroidManifest.xml:58:25-66
76
77                <category android:name="android.intent.category.DEFAULT" />
77-->src/main/AndroidManifest.xml:59:17-76
77-->src/main/AndroidManifest.xml:59:27-73
78                <category android:name="android.intent.category.BROWSABLE" />
78-->src/main/AndroidManifest.xml:60:17-78
78-->src/main/AndroidManifest.xml:60:27-75
79
80                <data
80-->src/main/AndroidManifest.xml:61:17-63:58
81                    android:host="ddkurnia.github.io"
81-->src/main/AndroidManifest.xml:62:21-54
82                    android:pathPrefix="/nce-project/"
82-->src/main/AndroidManifest.xml:63:21-55
83                    android:scheme="https" />
83-->src/main/AndroidManifest.xml:61:23-45
84            </intent-filter>
85        </activity>
86
87        <service
87-->src/main/AndroidManifest.xml:68:9-75:19
88            android:name="com.google.androidbrowserhelper.trusted.DelegationService"
88-->src/main/AndroidManifest.xml:69:13-85
89            android:exported="true" >
89-->src/main/AndroidManifest.xml:70:13-36
90            <intent-filter>
90-->src/main/AndroidManifest.xml:71:13-74:29
91                <action android:name="android.support.customtabs.trusted.TRUSTED_WEB_ACTIVITY_SERVICE" />
91-->src/main/AndroidManifest.xml:72:17-106
91-->src/main/AndroidManifest.xml:72:25-103
92
93                <category android:name="android.intent.category.DEFAULT" />
93-->src/main/AndroidManifest.xml:59:17-76
93-->src/main/AndroidManifest.xml:59:27-73
94            </intent-filter>
95        </service>
96
97        <provider
97-->[androidx.emoji2:emoji2:1.2.0] AndroidManifest.xml:24:9-32:20
98            android:name="androidx.startup.InitializationProvider"
98-->[androidx.emoji2:emoji2:1.2.0] AndroidManifest.xml:25:13-67
99            android:authorities="com.nce.app.androidx-startup"
99-->[androidx.emoji2:emoji2:1.2.0] AndroidManifest.xml:26:13-68
100            android:exported="false" >
100-->[androidx.emoji2:emoji2:1.2.0] AndroidManifest.xml:27:13-37
101            <meta-data
101-->[androidx.emoji2:emoji2:1.2.0] AndroidManifest.xml:29:13-31:52
102                android:name="androidx.emoji2.text.EmojiCompatInitializer"
102-->[androidx.emoji2:emoji2:1.2.0] AndroidManifest.xml:30:17-75
103                android:value="androidx.startup" />
103-->[androidx.emoji2:emoji2:1.2.0] AndroidManifest.xml:31:17-49
104            <meta-data
104-->[androidx.lifecycle:lifecycle-process:2.6.1] AndroidManifest.xml:29:13-31:52
105                android:name="androidx.lifecycle.ProcessLifecycleInitializer"
105-->[androidx.lifecycle:lifecycle-process:2.6.1] AndroidManifest.xml:30:17-78
106                android:value="androidx.startup" />
106-->[androidx.lifecycle:lifecycle-process:2.6.1] AndroidManifest.xml:31:17-49
107            <meta-data
107-->[androidx.profileinstaller:profileinstaller:1.3.0] AndroidManifest.xml:29:13-31:52
108                android:name="androidx.profileinstaller.ProfileInstallerInitializer"
108-->[androidx.profileinstaller:profileinstaller:1.3.0] AndroidManifest.xml:30:17-85
109                android:value="androidx.startup" />
109-->[androidx.profileinstaller:profileinstaller:1.3.0] AndroidManifest.xml:31:17-49
110        </provider>
111
112        <receiver
112-->[androidx.profileinstaller:profileinstaller:1.3.0] AndroidManifest.xml:34:9-52:20
113            android:name="androidx.profileinstaller.ProfileInstallReceiver"
113-->[androidx.profileinstaller:profileinstaller:1.3.0] AndroidManifest.xml:35:13-76
114            android:directBootAware="false"
114-->[androidx.profileinstaller:profileinstaller:1.3.0] AndroidManifest.xml:36:13-44
115            android:enabled="true"
115-->[androidx.profileinstaller:profileinstaller:1.3.0] AndroidManifest.xml:37:13-35
116            android:exported="true"
116-->[androidx.profileinstaller:profileinstaller:1.3.0] AndroidManifest.xml:38:13-36
117            android:permission="android.permission.DUMP" >
117-->[androidx.profileinstaller:profileinstaller:1.3.0] AndroidManifest.xml:39:13-57
118            <intent-filter>
118-->[androidx.profileinstaller:profileinstaller:1.3.0] AndroidManifest.xml:40:13-42:29
119                <action android:name="androidx.profileinstaller.action.INSTALL_PROFILE" />
119-->[androidx.profileinstaller:profileinstaller:1.3.0] AndroidManifest.xml:41:17-91
119-->[androidx.profileinstaller:profileinstaller:1.3.0] AndroidManifest.xml:41:25-88
120            </intent-filter>
121            <intent-filter>
121-->[androidx.profileinstaller:profileinstaller:1.3.0] AndroidManifest.xml:43:13-45:29
122                <action android:name="androidx.profileinstaller.action.SKIP_FILE" />
122-->[androidx.profileinstaller:profileinstaller:1.3.0] AndroidManifest.xml:44:17-85
122-->[androidx.profileinstaller:profileinstaller:1.3.0] AndroidManifest.xml:44:25-82
123            </intent-filter>
124            <intent-filter>
124-->[androidx.profileinstaller:profileinstaller:1.3.0] AndroidManifest.xml:46:13-48:29
125                <action android:name="androidx.profileinstaller.action.SAVE_PROFILE" />
125-->[androidx.profileinstaller:profileinstaller:1.3.0] AndroidManifest.xml:47:17-88
125-->[androidx.profileinstaller:profileinstaller:1.3.0] AndroidManifest.xml:47:25-85
126            </intent-filter>
127            <intent-filter>
127-->[androidx.profileinstaller:profileinstaller:1.3.0] AndroidManifest.xml:49:13-51:29
128                <action android:name="androidx.profileinstaller.action.BENCHMARK_OPERATION" />
128-->[androidx.profileinstaller:profileinstaller:1.3.0] AndroidManifest.xml:50:17-95
128-->[androidx.profileinstaller:profileinstaller:1.3.0] AndroidManifest.xml:50:25-92
129            </intent-filter>
130        </receiver>
131    </application>
132
133</manifest>